2020-06-18 07:19:48.719  INFO 20796 --- [restartedMain] c.a.p.a.a.PhotoAppApiAlbumsApplication   : No active profile set, falling back to default profiles: default
2020-06-18 07:19:49.450  WARN 20796 --- [restartedMain] o.s.boot.actuate.endpoint.EndpointId     : Endpoint ID 'service-registry' contains invalid characters, please migrate to a valid format.
2020-06-18 07:19:49.615  INFO 20796 --- [restartedMain] o.s.cloud.context.scope.GenericScope     : BeanFactory id=89ab7fb8-937e-3ce1-9610-146928291514
2020-06-18 07:19:49.685  INFO 20796 --- [restartedMain] trationDelegate$BeanPostProcessorChecker : Bean 'org.springframework.cloud.autoconfigure.ConfigurationPropertiesRebinderAutoConfiguration' of type [org.springframework.cloud.autoconfigure.ConfigurationPropertiesRebinderAutoConfiguration$$EnhancerBySpringCGLIB$$a4e93445] is not eligible for getting processed by all BeanPostProcessors (for example: not eligible for auto-proxying)
2020-06-18 07:19:50.771  INFO 20796 --- [restartedMain] o.s.b.w.embedded.tomcat.TomcatWebServer  : Tomcat initialized with port(s): 0 (http)
2020-06-18 07:19:50.795  INFO 20796 --- [restartedMain] o.apache.catalina.core.StandardService   : Starting service [Tomcat]
2020-06-18 07:19:50.796  INFO 20796 --- [restartedMain] org.apache.catalina.core.StandardEngine  : Starting Servlet engine: [Apache Tomcat/9.0.14]
2020-06-18 07:19:50.805  INFO 20796 --- [restartedMain] o.a.catalina.core.AprLifecycleListener   : The APR based Apache Tomcat Native library which allows optimal performance in production environments was not found on the java.library.path: [C:\Program Files\Java\jdk-9.0.4\bin;C:\windows\Sun\Java\bin;C:\windows\system32;C:\windows;C:\Program Files\Java\jdk1.8.0_221\bin;C:\ProgramData\Oracle\Java\javapath;C:\Program Files (x86)\Common Files\Oracle\Java\javapath;C:\ProgramData\DockerDesktop\version-bin;C:\Program Files\Docker\Docker\Resources\bin;C:\windows\system32;C:\windows;C:\windows\System32\Wbem;C:\windows\System32\WindowsPowerShell\v1.0\;C:\windows\System32\OpenSSH\;C:\Program Files (x86)\NVIDIA Corporation\PhysX\Common;C:\Program Files\NVIDIA Corporation\NVIDIA NvDLISR;C:\Program Files\Git\cmd;C:\Program Files\nodejs\;D:\Programmi\Putty\;C:\Users\39333\AppData\Local\Microsoft\WindowsApps;C:\Users\39333\AppData\Local\Programs\Microsoft VS Code\bin;D:\Programmi\apache-maven-3.6.2\bin;C:\Users\39333\AppData\Roaming\npm;D:\Programmi\MongoDB\Server\3.6\bin;C:\Program Files\Java\jdk1.8.0_221\bin;C:\Python27;D:\Programmi\Google\Cloud SDK\google-cloud-sdk\bin;C:\Program Files\Git\bin;C:\Users\39333\AppData\Local\atom\bin;D:\Programmi\PyCharm Community Edition 2019.3.3\bin;;.]
2020-06-18 07:19:51.013  INFO 20796 --- [restartedMain] o.a.c.c.C.[Tomcat].[localhost].[/]       : Initializing Spring embedded WebApplicationContext
2020-06-18 07:19:51.013  INFO 20796 --- [restartedMain] o.s.web.context.ContextLoader            : Root WebApplicationContext: initialization completed in 2281 ms
2020-06-18 07:19:51.170  WARN 20796 --- [restartedMain] c.n.c.sources.URLConfigurationSource     : No URLs will be polled as dynamic configuration sources.
2020-06-18 07:19:51.170  INFO 20796 --- [restartedMain] c.n.c.sources.URLConfigurationSource     : To enable URLs as dynamic configuration sources, define System property archaius.configurationSource.additionalUrls or make config.properties available on classpath.
2020-06-18 07:19:51.182  INFO 20796 --- [restartedMain] c.netflix.config.DynamicPropertyFactory  : DynamicPropertyFactory is initialized with configuration sources: com.netflix.config.ConcurrentCompositeConfiguration@89f7f8e
2020-06-18 07:19:52.509  WARN 20796 --- [restartedMain] c.n.c.sources.URLConfigurationSource     : No URLs will be polled as dynamic configuration sources.
2020-06-18 07:19:52.509  INFO 20796 --- [restartedMain] c.n.c.sources.URLConfigurationSource     : To enable URLs as dynamic configuration sources, define System property archaius.configurationSource.additionalUrls or make config.properties available on classpath.
2020-06-18 07:19:52.634  INFO 20796 --- [restartedMain] o.s.s.concurrent.ThreadPoolTaskExecutor  : Initializing ExecutorService 'applicationTaskExecutor'
2020-06-18 07:19:52.950  WARN 20796 --- [restartedMain] o.s.b.d.a.OptionalLiveReloadServer       : Unable to start LiveReload server
2020-06-18 07:19:53.933  INFO 20796 --- [restartedMain] o.s.b.a.e.web.EndpointLinksResolver      : Exposing 2 endpoint(s) beneath base path '/actuator'
2020-06-18 07:19:54.023  INFO 20796 --- [restartedMain] o.s.b.w.embedded.tomcat.TomcatWebServer  : Tomcat started on port(s): 61766 (http) with context path ''
2020-06-18 07:19:54.024  INFO 20796 --- [restartedMain] .s.c.n.e.s.EurekaAutoServiceRegistration : Updating port to 61766
2020-06-18 07:19:54.029  INFO 20796 --- [restartedMain] o.s.c.n.eureka.InstanceInfoFactory       : Setting initial instance status as: STARTING
2020-06-18 07:19:54.061  INFO 20796 --- [restartedMain] com.netflix.discovery.DiscoveryClient    : Initializing Eureka in region us-east-1
2020-06-18 07:19:54.225  INFO 20796 --- [restartedMain] c.n.d.provider.DiscoveryJerseyProvider   : Using JSON encoding codec LegacyJacksonJson
2020-06-18 07:19:54.225  INFO 20796 --- [restartedMain] c.n.d.provider.DiscoveryJerseyProvider   : Using JSON decoding codec LegacyJacksonJson
2020-06-18 07:19:54.342  INFO 20796 --- [restartedMain] c.n.d.provider.DiscoveryJerseyProvider   : Using XML encoding codec XStreamXml
2020-06-18 07:19:54.343  INFO 20796 --- [restartedMain] c.n.d.provider.DiscoveryJerseyProvider   : Using XML decoding codec XStreamXml
2020-06-18 07:19:54.461  INFO 20796 --- [restartedMain] c.n.d.s.r.aws.ConfigClusterResolver      : Resolving eureka endpoints via configuration
2020-06-18 07:19:54.943  INFO 20796 --- [restartedMain] com.netflix.discovery.DiscoveryClient    : Disable delta property : false
2020-06-18 07:19:54.943  INFO 20796 --- [restartedMain] com.netflix.discovery.DiscoveryClient    : Single vip registry refresh property : null
2020-06-18 07:19:54.943  INFO 20796 --- [restartedMain] com.netflix.discovery.DiscoveryClient    : Force full registry fetch : false
2020-06-18 07:19:54.943  INFO 20796 --- [restartedMain] com.netflix.discovery.DiscoveryClient    : Application is null : false
2020-06-18 07:19:54.943  INFO 20796 --- [restartedMain] com.netflix.discovery.DiscoveryClient    : Registered Applications size is zero : true
2020-06-18 07:19:54.943  INFO 20796 --- [restartedMain] com.netflix.discovery.DiscoveryClient    : Application version is -1: true
2020-06-18 07:19:54.943  INFO 20796 --- [restartedMain] com.netflix.discovery.DiscoveryClient    : Getting all instance registry info from the eureka server
2020-06-18 07:19:55.081  INFO 20796 --- [restartedMain] com.netflix.discovery.DiscoveryClient    : The response status is 200
2020-06-18 07:19:55.083  INFO 20796 --- [restartedMain] com.netflix.discovery.DiscoveryClient    : Starting heartbeat executor: renew interval is: 30
2020-06-18 07:19:55.085  INFO 20796 --- [restartedMain] c.n.discovery.InstanceInfoReplicator     : InstanceInfoReplicator onDemand update allowed rate per min is 4
2020-06-18 07:19:55.088  INFO 20796 --- [restartedMain] com.netflix.discovery.DiscoveryClient    : Discovery Client initialized at timestamp 1592457595087 with initial instances count: 2
2020-06-18 07:19:55.089  INFO 20796 --- [restartedMain] o.s.c.n.e.s.EurekaServiceRegistry        : Registering application ALBUMS-WS with eureka with status UP
2020-06-18 07:19:55.090  INFO 20796 --- [restartedMain] com.netflix.discovery.DiscoveryClient    : Saw local status change event StatusChangeEvent [timestamp=1592457595090, current=UP, previous=STARTING]
2020-06-18 07:19:55.091  INFO 20796 --- [DiscoveryClient-InstanceInfoReplicator-0] com.netflix.discovery.DiscoveryClient    : DiscoveryClient_ALBUMS-WS/albums-ws:deb96fa4fce93665cbd7fff95e149b21: registering service...
2020-06-18 07:19:55.093  INFO 20796 --- [restartedMain] c.a.p.a.a.PhotoAppApiAlbumsApplication   : Started PhotoAppApiAlbumsApplication in 9.107 seconds (JVM running for 10.062)
2020-06-18 07:19:55.132  INFO 20796 --- [DiscoveryClient-InstanceInfoReplicator-0] com.netflix.discovery.DiscoveryClient    : DiscoveryClient_ALBUMS-WS/albums-ws:deb96fa4fce93665cbd7fff95e149b21 - registration status: 204
2020-06-18 07:41:36.085  INFO 15944 --- [restartedMain] c.a.p.a.a.PhotoAppApiAlbumsApplication   : No active profile set, falling back to default profiles: default
2020-06-18 07:41:37.534  WARN 15944 --- [restartedMain] o.s.boot.actuate.endpoint.EndpointId     : Endpoint ID 'service-registry' contains invalid characters, please migrate to a valid format.
2020-06-18 07:41:37.823  INFO 15944 --- [restartedMain] o.s.cloud.context.scope.GenericScope     : BeanFactory id=89ab7fb8-937e-3ce1-9610-146928291514
2020-06-18 07:41:37.920  INFO 15944 --- [restartedMain] trationDelegate$BeanPostProcessorChecker : Bean 'org.springframework.cloud.autoconfigure.ConfigurationPropertiesRebinderAutoConfiguration' of type [org.springframework.cloud.autoconfigure.ConfigurationPropertiesRebinderAutoConfiguration$$EnhancerBySpringCGLIB$$f6d89007] is not eligible for getting processed by all BeanPostProcessors (for example: not eligible for auto-proxying)
2020-06-18 07:41:39.614  INFO 15944 --- [restartedMain] o.s.b.w.embedded.tomcat.TomcatWebServer  : Tomcat initialized with port(s): 0 (http)
2020-06-18 07:41:39.656  INFO 15944 --- [restartedMain] o.apache.catalina.core.StandardService   : Starting service [Tomcat]
2020-06-18 07:41:39.657  INFO 15944 --- [restartedMain] org.apache.catalina.core.StandardEngine  : Starting Servlet engine: [Apache Tomcat/9.0.14]
2020-06-18 07:41:39.672  INFO 15944 --- [restartedMain] o.a.catalina.core.AprLifecycleListener   : The APR based Apache Tomcat Native library which allows optimal performance in production environments was not found on the java.library.path: [C:\Program Files\Java\jdk-9.0.4\bin;C:\windows\Sun\Java\bin;C:\windows\system32;C:\windows;C:\Program Files\Java\jdk1.8.0_221\bin;C:\ProgramData\Oracle\Java\javapath;C:\Program Files (x86)\Common Files\Oracle\Java\javapath;C:\ProgramData\DockerDesktop\version-bin;C:\Program Files\Docker\Docker\Resources\bin;C:\windows\system32;C:\windows;C:\windows\System32\Wbem;C:\windows\System32\WindowsPowerShell\v1.0\;C:\windows\System32\OpenSSH\;C:\Program Files (x86)\NVIDIA Corporation\PhysX\Common;C:\Program Files\NVIDIA Corporation\NVIDIA NvDLISR;C:\Program Files\Git\cmd;C:\Program Files\nodejs\;D:\Programmi\Putty\;C:\Users\39333\AppData\Local\Microsoft\WindowsApps;C:\Users\39333\AppData\Local\Programs\Microsoft VS Code\bin;D:\Programmi\apache-maven-3.6.2\bin;C:\Users\39333\AppData\Roaming\npm;D:\Programmi\MongoDB\Server\3.6\bin;C:\Program Files\Java\jdk1.8.0_221\bin;C:\Python27;D:\Programmi\Google\Cloud SDK\google-cloud-sdk\bin;C:\Program Files\Git\bin;C:\Users\39333\AppData\Local\atom\bin;D:\Programmi\PyCharm Community Edition 2019.3.3\bin;;.]
2020-06-18 07:41:40.005  INFO 15944 --- [restartedMain] o.a.c.c.C.[Tomcat].[localhost].[/]       : Initializing Spring embedded WebApplicationContext
2020-06-18 07:41:40.005  INFO 15944 --- [restartedMain] o.s.web.context.ContextLoader            : Root WebApplicationContext: initialization completed in 3885 ms
2020-06-18 07:41:40.189  WARN 15944 --- [restartedMain] c.n.c.sources.URLConfigurationSource     : No URLs will be polled as dynamic configuration sources.
2020-06-18 07:41:40.190  INFO 15944 --- [restartedMain] c.n.c.sources.URLConfigurationSource     : To enable URLs as dynamic configuration sources, define System property archaius.configurationSource.additionalUrls or make config.properties available on classpath.
2020-06-18 07:41:40.214  INFO 15944 --- [restartedMain] c.netflix.config.DynamicPropertyFactory  : DynamicPropertyFactory is initialized with configuration sources: com.netflix.config.ConcurrentCompositeConfiguration@236d0ed0
2020-06-18 07:41:42.012  WARN 15944 --- [restartedMain] c.n.c.sources.URLConfigurationSource     : No URLs will be polled as dynamic configuration sources.
2020-06-18 07:41:42.012  INFO 15944 --- [restartedMain] c.n.c.sources.URLConfigurationSource     : To enable URLs as dynamic configuration sources, define System property archaius.configurationSource.additionalUrls or make config.properties available on classpath.
2020-06-18 07:41:42.208  INFO 15944 --- [restartedMain] o.s.s.concurrent.ThreadPoolTaskExecutor  : Initializing ExecutorService 'applicationTaskExecutor'
2020-06-18 07:41:42.963  WARN 15944 --- [restartedMain] o.s.b.d.a.OptionalLiveReloadServer       : Unable to start LiveReload server
2020-06-18 07:41:44.562  INFO 15944 --- [restartedMain] o.s.b.a.e.web.EndpointLinksResolver      : Exposing 2 endpoint(s) beneath base path '/actuator'
2020-06-18 07:41:44.841  INFO 15944 --- [restartedMain] o.s.b.w.embedded.tomcat.TomcatWebServer  : Tomcat started on port(s): 62228 (http) with context path ''
2020-06-18 07:41:44.867  INFO 15944 --- [restartedMain] .s.c.n.e.s.EurekaAutoServiceRegistration : Updating port to 62228
2020-06-18 07:41:44.878  INFO 15944 --- [restartedMain] o.s.c.n.eureka.InstanceInfoFactory       : Setting initial instance status as: STARTING
2020-06-18 07:41:45.060  INFO 15944 --- [restartedMain] com.netflix.discovery.DiscoveryClient    : Initializing Eureka in region us-east-1
2020-06-18 07:41:45.353  INFO 15944 --- [restartedMain] c.n.d.provider.DiscoveryJerseyProvider   : Using JSON encoding codec LegacyJacksonJson
2020-06-18 07:41:45.353  INFO 15944 --- [restartedMain] c.n.d.provider.DiscoveryJerseyProvider   : Using JSON decoding codec LegacyJacksonJson
2020-06-18 07:41:45.524  INFO 15944 --- [restartedMain] c.n.d.provider.DiscoveryJerseyProvider   : Using XML encoding codec XStreamXml
2020-06-18 07:41:45.524  INFO 15944 --- [restartedMain] c.n.d.provider.DiscoveryJerseyProvider   : Using XML decoding codec XStreamXml
2020-06-18 07:41:45.707  INFO 15944 --- [restartedMain] c.n.d.s.r.aws.ConfigClusterResolver      : Resolving eureka endpoints via configuration
2020-06-18 07:41:46.384  INFO 15944 --- [restartedMain] com.netflix.discovery.DiscoveryClient    : Disable delta property : false
2020-06-18 07:41:46.384  INFO 15944 --- [restartedMain] com.netflix.discovery.DiscoveryClient    : Single vip registry refresh property : null
2020-06-18 07:41:46.384  INFO 15944 --- [restartedMain] com.netflix.discovery.DiscoveryClient    : Force full registry fetch : false
2020-06-18 07:41:46.384  INFO 15944 --- [restartedMain] com.netflix.discovery.DiscoveryClient    : Application is null : false
2020-06-18 07:41:46.384  INFO 15944 --- [restartedMain] com.netflix.discovery.DiscoveryClient    : Registered Applications size is zero : true
2020-06-18 07:41:46.384  INFO 15944 --- [restartedMain] com.netflix.discovery.DiscoveryClient    : Application version is -1: true
2020-06-18 07:41:46.384  INFO 15944 --- [restartedMain] com.netflix.discovery.DiscoveryClient    : Getting all instance registry info from the eureka server
2020-06-18 07:41:46.535  INFO 15944 --- [restartedMain] com.netflix.discovery.DiscoveryClient    : The response status is 200
2020-06-18 07:41:46.537  INFO 15944 --- [restartedMain] com.netflix.discovery.DiscoveryClient    : Starting heartbeat executor: renew interval is: 30
2020-06-18 07:41:46.541  INFO 15944 --- [restartedMain] c.n.discovery.InstanceInfoReplicator     : InstanceInfoReplicator onDemand update allowed rate per min is 4
2020-06-18 07:41:46.545  INFO 15944 --- [restartedMain] com.netflix.discovery.DiscoveryClient    : Discovery Client initialized at timestamp 1592458906543 with initial instances count: 0
2020-06-18 07:41:46.546  INFO 15944 --- [restartedMain] o.s.c.n.e.s.EurekaServiceRegistry        : Registering application ALBUMS-WS with eureka with status UP
2020-06-18 07:41:46.547  INFO 15944 --- [restartedMain] com.netflix.discovery.DiscoveryClient    : Saw local status change event StatusChangeEvent [timestamp=1592458906547, current=UP, previous=STARTING]
2020-06-18 07:41:46.550  INFO 15944 --- [DiscoveryClient-InstanceInfoReplicator-0] com.netflix.discovery.DiscoveryClient    : DiscoveryClient_ALBUMS-WS/albums-ws:0aa8983c46e3a457946948769dabca92: registering service...
2020-06-18 07:41:46.555  INFO 15944 --- [restartedMain] c.a.p.a.a.PhotoAppApiAlbumsApplication   : Started PhotoAppApiAlbumsApplication in 14.832 seconds (JVM running for 16.418)
2020-06-18 07:41:46.629  INFO 15944 --- [DiscoveryClient-InstanceInfoReplicator-0] com.netflix.discovery.DiscoveryClient    : DiscoveryClient_ALBUMS-WS/albums-ws:0aa8983c46e3a457946948769dabca92 - registration status: 204
2020-06-18 07:42:16.540  INFO 15944 --- [DiscoveryClient-CacheRefreshExecutor-0] com.netflix.discovery.DiscoveryClient    : Disable delta property : false
2020-06-18 07:42:16.540  INFO 15944 --- [DiscoveryClient-CacheRefreshExecutor-0] com.netflix.discovery.DiscoveryClient    : Single vip registry refresh property : null
2020-06-18 07:42:16.540  INFO 15944 --- [DiscoveryClient-CacheRefreshExecutor-0] com.netflix.discovery.DiscoveryClient    : Force full registry fetch : false
2020-06-18 07:42:16.540  INFO 15944 --- [DiscoveryClient-CacheRefreshExecutor-0] com.netflix.discovery.DiscoveryClient    : Application is null : false
2020-06-18 07:42:16.541  INFO 15944 --- [DiscoveryClient-CacheRefreshExecutor-0] com.netflix.discovery.DiscoveryClient    : Registered Applications size is zero : true
2020-06-18 07:42:16.541  INFO 15944 --- [DiscoveryClient-CacheRefreshExecutor-0] com.netflix.discovery.DiscoveryClient    : Application version is -1: false
2020-06-18 07:42:16.541  INFO 15944 --- [DiscoveryClient-CacheRefreshExecutor-0] com.netflix.discovery.DiscoveryClient    : Getting all instance registry info from the eureka server
2020-06-18 07:42:16.603  INFO 15944 --- [DiscoveryClient-CacheRefreshExecutor-0] com.netflix.discovery.DiscoveryClient    : The response status is 200
2020-06-18 07:43:02.113  INFO 15944 --- [http-nio-auto-1-exec-5] o.a.c.c.C.[Tomcat].[localhost].[/]       : Initializing Spring DispatcherServlet 'dispatcherServlet'
2020-06-18 07:43:02.113  INFO 15944 --- [http-nio-auto-1-exec-5] o.s.web.servlet.DispatcherServlet        : Initializing Servlet 'dispatcherServlet'
2020-06-18 07:43:02.129  INFO 15944 --- [http-nio-auto-1-exec-5] o.s.web.servlet.DispatcherServlet        : Completed initialization in 16 ms
2020-06-18 07:43:02.194  INFO 15944 --- [http-nio-auto-1-exec-5] c.a.p.a.a.i.c.AlbumsController           : Returning 2 albums
2020-06-18 07:44:13.309  INFO 15944 --- [http-nio-auto-1-exec-4] c.a.p.a.a.i.c.AlbumsController           : Returning 2 albums
2020-06-18 07:45:04.672  INFO 15944 --- [http-nio-auto-1-exec-9] c.a.p.a.a.i.c.AlbumsController           : Returning 2 albums
2020-06-18 07:46:46.387  INFO 15944 --- [AsyncResolver-bootstrap-executor-0] c.n.d.s.r.aws.ConfigClusterResolver      : Resolving eureka endpoints via configuration
2020-06-18 07:51:46.389  INFO 15944 --- [AsyncResolver-bootstrap-executor-0] c.n.d.s.r.aws.ConfigClusterResolver      : Resolving eureka endpoints via configuration
2020-06-18 07:56:46.391  INFO 15944 --- [AsyncResolver-bootstrap-executor-0] c.n.d.s.r.aws.ConfigClusterResolver      : Resolving eureka endpoints via configuration
2020-06-18 08:01:46.394  INFO 15944 --- [AsyncResolver-bootstrap-executor-0] c.n.d.s.r.aws.ConfigClusterResolver      : Resolving eureka endpoints via configuration
